2026-04-05 21:13:31,671 [INFO] Logger initialized. Log file: ./logs/launcher_debug_2026-04-05_21_13_31.log
2026-04-05 21:13:31,671 [INFO] Reading configuration from Launcher.set
2026-04-05 21:13:31,686 [INFO] Reading configuration...
2026-04-05 21:13:31,686 [DEBUG] Configuration lines read: 6
2026-04-05 21:13:31,686 [DEBUG] setlist = ['ZSKJ=D:\\AtHomeVideoStreamer\\AtHomeVideoStreamer.exe\n', 'ZSKJAutoStart=True\n', 'ZSKJShowWindow=False\n', '#VideoAutoStart=False  # 这是下一个版本的事儿了...\n', 'AutoStartTime=18:55\n', 'AutoStopTime=21:31\n']
2026-04-05 21:13:31,686 [INFO] Configuration file closed.
2026-04-05 21:13:31,686 [DEBUG] Configuration dictionary created with 5 entries
2026-04-05 21:13:31,686 [DEBUG] config = {'ZSKJ': 'D:\\AtHomeVideoStreamer\\AtHomeVideoStreamer.exe', 'ZSKJAutoStart': 'True', 'ZSKJShowWindow': 'False', 'AutoStartTime': '18:55', 'AutoStopTime': '21:31'}
2026-04-05 21:13:31,686 [INFO] Configuration parsing completed.
2026-04-05 21:13:31,686 [INFO] Launching ZSKJ launcher...
2026-04-05 21:13:31,686 [DEBUG] ZSKJ = D:\AtHomeVideoStreamer\AtHomeVideoStreamer.exe, ZSKJ_Auto_Start = True, ZSKJ_Show_Window = False, Auto_Start_Time = 18:55, Auto_Stop_Time = 21:31
2026-04-05 21:13:31,686 [ERROR] Failed to launch ZSKJ launcher: Command not found: ['./StartZSKJ.exe', 'D:\\AtHomeVideoStreamer\\AtHomeVideoStreamer.exe', 'True', 'False', '18:55', '21:31']
Please ensure the command is installed and in PATH
2026-04-05 21:13:43,984 [INFO] Current configuration:
2026-04-05 21:13:43,984 [INFO] ZSKJ = D:\AtHomeVideoStreamer\AtHomeVideoStreamer.exe
2026-04-05 21:13:43,984 [INFO] ZSKJAutoStart = True
2026-04-05 21:13:43,984 [INFO] ZSKJShowWindow = False
2026-04-05 21:13:43,984 [INFO] AutoStartTime = 18:55
2026-04-05 21:13:43,984 [INFO] AutoStopTime = 21:31
2026-04-05 21:13:59,967 [INFO] Exiting Program...
