2026-04-05 18:58:49,330 [INFO] Logger initialized. Log file: ./logs/launcher_debug_2026-04-05_18_58_49.log
2026-04-05 18:58:49,336 [INFO] Reading configuration from Launcher.set
2026-04-05 18:58:49,352 [INFO] Reading configuration...
2026-04-05 18:58:49,352 [DEBUG] Configuration lines read: 6
2026-04-05 18:58:49,352 [DEBUG] setlist = ['ZSKJ=D:\\AtHomeVideoStreamer\\AtHomeVideoStreamer.exe\n', 'ZSKJAutoStart=True\n', 'ZSKJShowWindow=False\n', 'VideoAutoStart=False\n', 'AutoStartTime=18:55\n', 'AutoStopTime=21:31\n']
2026-04-05 18:58:49,352 [INFO] Configuration file closed.
2026-04-05 18:58:49,352 [DEBUG] Configuration dictionary created with 6 entries
2026-04-05 18:58:49,352 [DEBUG] config = {'ZSKJ': 'D:\\AtHomeVideoStreamer\\AtHomeVideoStreamer.exe', 'ZSKJAutoStart': 'True', 'ZSKJShowWindow': 'False', 'VideoAutoStart': 'False', 'AutoStartTime': '18:55', 'AutoStopTime': '21:31'}
2026-04-05 18:58:49,352 [INFO] Configuration parsing completed.
2026-04-05 18:58:49,352 [INFO] Launching ZSKJ launcher...
2026-04-05 18:58:49,352 [DEBUG] ZSKJ = D:\AtHomeVideoStreamer\AtHomeVideoStreamer.exe, ZSKJ_Auto_Start = True, ZSKJ_Show_Window = False, Auto_Start_Time = 18:55, Auto_Stop_Time = 21:31
2026-04-05 18:58:49,352 [INFO] Launching video...
2026-04-05 18:58:49,352 [DEBUG] Video_Auto_Start = False, Auto_Start_Time = 18:55, Auto_Stop_Time = 21:31
2026-04-05 18:58:49,352 [ERROR] Failed to launch ZSKJ launcher: Command not found: ['./StartZSKJ.exe', 'D:\\AtHomeVideoStreamer\\AtHomeVideoStreamer.exe', 'True', 'False', '18:55', '21:31']
Please ensure the command is installed and in PATH
2026-04-05 18:58:49,352 [ERROR] Failed to launch video: Command not found: ['./StartVideo.exe', 'False', '18:55', '21:31']
Please ensure the command is installed and in PATH
2026-04-05 18:58:57,433 [INFO] Current configuration:
2026-04-05 18:58:57,433 [INFO] ZSKJ = D:\AtHomeVideoStreamer\AtHomeVideoStreamer.exe
2026-04-05 18:58:57,434 [INFO] ZSKJAutoStart = True
2026-04-05 18:58:57,435 [INFO] ZSKJShowWindow = False
2026-04-05 18:58:57,435 [INFO] VideoAutoStart = False
2026-04-05 18:58:57,436 [INFO] AutoStartTime = 18:55
2026-04-05 18:58:57,436 [INFO] AutoStopTime = 21:31
2026-04-05 18:59:47,688 [INFO] Configuration uploaded to Launcher.set
2026-04-05 19:00:17,915 [INFO] Configuration uploaded to Launcher.set
2026-04-05 19:00:33,071 [INFO] Configuration uploaded to Launcher.set
2026-04-05 19:00:43,227 [INFO] Configuration uploaded to Launcher.set
2026-04-05 19:01:06,493 [INFO] Exiting Program...
