2026-04-05 18:56:36,667 [INFO] Logger initialized. Log file: ./logs/launcher_debug_2026-04-05_18_56_36.log
2026-04-05 18:56:36,668 [INFO] Reading configuration from Launcher.set
2026-04-05 18:56:36,677 [INFO] Reading configuration...
2026-04-05 18:56:36,678 [DEBUG] Configuration lines read: 6
2026-04-05 18:56:36,679 [DEBUG] setlist = ['ZSKJ=D:\\AtHomeVideoStreamer\\AtHomeVideoStreamer.exe\n', 'ZSKJAutoStart=True\n', 'ZSKJShowWindow=False\n', 'VideoAutoStart=False\n', 'AutoStartTime=18:55\n', 'AutoStopTime=21:31\n']
2026-04-05 18:56:36,682 [INFO] Configuration file closed.
2026-04-05 18:56:36,684 [DEBUG] Configuration dictionary created with 6 entries
2026-04-05 18:56:36,684 [DEBUG] config = {'ZSKJ': 'D:\\AtHomeVideoStreamer\\AtHomeVideoStreamer.exe', 'ZSKJAutoStart': 'True', 'ZSKJShowWindow': 'False', 'VideoAutoStart': 'False', 'AutoStartTime': '18:55', 'AutoStopTime': '21:31'}
2026-04-05 18:56:36,685 [INFO] Configuration parsing completed.
2026-04-05 18:56:36,688 [INFO] Launching ZSKJ launcher...
2026-04-05 18:56:36,694 [INFO] Launching video...
2026-04-05 18:56:36,695 [DEBUG] Video_Auto_Start = False, Auto_Start_Time = 18:55, Auto_Stop_Time = 21:31
2026-04-05 18:56:36,694 [DEBUG] ZSKJ = D:\AtHomeVideoStreamer\AtHomeVideoStreamer.exe, ZSKJ_Auto_Start = True, ZSKJ_Show_Window = False, Auto_Start_Time = 18:55, Auto_Stop_Time = 21:31
2026-04-05 18:56:36,698 [ERROR] Failed to launch video: Command not found: ['./StartVideo.exe', 'False', '18:55', '21:31']
Please ensure the command is installed and in PATH
2026-04-05 18:56:36,699 [ERROR] Failed to launch ZSKJ launcher: Command not found: ['./StartZSKJ.exe', 'D:\\AtHomeVideoStreamer\\AtHomeVideoStreamer.exe', 'True', 'False', '18:55', '21:31']
Please ensure the command is installed and in PATH
2026-04-05 18:56:58,072 [ERROR] Unknown command. Type 'help' for a list of commands.
2026-04-05 18:57:14,394 [ERROR] Unknown command. Type 'help' for a list of commands.
2026-04-05 18:57:21,509 [INFO] Exiting Program...
